
IOSv - Cisco Systems Confidential -

Supplemental End User License Restrictions

This IOSv software is provided AS-IS without warranty of any kind. Under no circumstances may this software be used separate from the Cisco Modeling Labs Software that this software was provided with, or deployed or used as part of a production environment.

By using the software, you agree to abide by the terms and conditions of the Cisco End User License Agreement at http://www.********.com/go/eula. Unauthorized use or distribution of this software is expressly prohibited.
SW4#
SW4#terminal width 511
SW4#terminal length 0
SW4#
SW4#
SW4#
SW4#configure terminal
Enter configuration commands, one per line.  End with CNTL/Z.
SW4(config)#
SW4(config)#!
SW4(config)#key chain EIGRP
SW4(config-keychain)#key 1
SW4(config-keychain-key)#key-string DBMI_EIGRP
SW4(config-keychain-key)#!
SW4(config-keychain-key)#
SW4(config-keychain-key)#    interface range po 24, gi 0/1
SW4(config-if-range)#    ip authentication mode eigrp 100 md5
SW4(config-if-range)#    ip authentication key-chain eigrp 100 EIGRP
SW4(config-if-range)#    exit
SW4(config)#    !
SW4(config)#    router eigrp 100
SW4(config-router)#    passive-interface vlan 10
SW4(config-router)#    !
SW4(config-router)#
SW4(config-router)#end
SW4#
SW4#
SW4#
SW4#
SW4#write mem
Building configuration...
Compressed configuration from 3739 bytes to 2135 bytes[OK]
SW4#
SW4#exit
